This is XeTeX, Version 3.141592653-2.6-0.999994 (TeX Live 2022) (preloaded format=xelatex 2023.3.18)  27 APR 2023 22:53
entering extended mode
 restricted \write18 enabled.
 %&-line parsing enabled.
**theory.tex
(./theory.tex
LaTeX2e <2022-11-01> patch level 1
L3 programming layer <2023-02-22> (/usr/local/texlive/2022/texmf-dist/tex/latex
/base/book.cls
Document Class: book 2022/07/02 v1.4n Standard LaTeX document class
(/usr/local/texlive/2022/texmf-dist/tex/latex/base/bk12.clo
File: bk12.clo 2022/07/02 v1.4n Standard LaTeX file (size option)
)
\c@part=\count181
\c@chapter=\count182
\c@section=\count183
\c@subsection=\count184
\c@subsubsection=\count185
\c@paragraph=\count186
\c@subparagraph=\count187
\c@figure=\count188
\c@table=\count189
\abovecaptionskip=\skip48
\belowcaptionskip=\skip49
\bibindent=\dimen140
) (/usr/local/texlive/2022/texmf-dist/tex/latex/amsmath/amsmath.sty
Package: amsmath 2022/04/08 v2.17n AMS math features
\@mathmargin=\skip50
For additional information on amsmath, use the `?' option.
(/usr/local/texlive/2022/texmf-dist/tex/latex/amsmath/amstext.sty
Package: amstext 2021/08/26 v2.01 AMS text
(/usr/local/texlive/2022/texmf-dist/tex/latex/amsmath/amsgen.sty
File: amsgen.sty 1999/11/30 v2.0 generic functions
\@emptytoks=\toks16
\ex@=\dimen141
)) (/usr/local/texlive/2022/texmf-dist/tex/latex/amsmath/amsbsy.sty
Package: amsbsy 1999/11/29 v1.2d Bold Symbols
\pmbraise@=\dimen142
) (/usr/local/texlive/2022/texmf-dist/tex/latex/amsmath/amsopn.sty
Package: amsopn 2022/04/08 v2.04 operator names
)
\inf@bad=\count190
LaTeX Info: Redefining \frac on input line 234.
\uproot@=\count191
\leftroot@=\count192
LaTeX Info: Redefining \overline on input line 399.
LaTeX Info: Redefining \colon on input line 410.
\classnum@=\count193
\DOTSCASE@=\count194
LaTeX Info: Redefining \ldots on input line 496.
LaTeX Info: Redefining \dots on input line 499.
LaTeX Info: Redefining \cdots on input line 620.
\Mathstrutbox@=\box51
\strutbox@=\box52
LaTeX Info: Redefining \big on input line 722.
LaTeX Info: Redefining \Big on input line 723.
LaTeX Info: Redefining \bigg on input line 724.
LaTeX Info: Redefining \Bigg on input line 725.
\big@size=\dimen143
LaTeX Font Info:    Redeclaring font encoding OML on input line 743.
LaTeX Font Info:    Redeclaring font encoding OMS on input line 744.
\macc@depth=\count195
LaTeX Info: Redefining \bmod on input line 905.
LaTeX Info: Redefining \pmod on input line 910.
LaTeX Info: Redefining \smash on input line 940.
LaTeX Info: Redefining \relbar on input line 970.
LaTeX Info: Redefining \Relbar on input line 971.
\c@MaxMatrixCols=\count196
\dotsspace@=\muskip16
\c@parentequation=\count197
\dspbrk@lvl=\count198
\tag@help=\toks17
\row@=\count199
\column@=\count266
\maxfields@=\count267
\andhelp@=\toks18
\eqnshift@=\dimen144
\alignsep@=\dimen145
\tagshift@=\dimen146
\tagwidth@=\dimen147
\totwidth@=\dimen148
\lineht@=\dimen149
\@envbody=\toks19
\multlinegap=\skip51
\multlinetaggap=\skip52
\mathdisplay@stack=\toks20
LaTeX Info: Redefining \[ on input line 2953.
LaTeX Info: Redefining \] on input line 2954.
) (/usr/local/texlive/2022/texmf-dist/tex/latex/amsfonts/amssymb.sty
Package: amssymb 2013/01/14 v3.01 AMS font symbols
(/usr/local/texlive/2022/texmf-dist/tex/latex/amsfonts/amsfonts.sty
Package: amsfonts 2013/01/14 v3.01 Basic AMSFonts support
\symAMSa=\mathgroup4
\symAMSb=\mathgroup5
LaTeX Font Info:    Redeclaring math symbol \hbar on input line 98.
LaTeX Font Info:    Overwriting math alphabet `\mathfrak' in version `bold'
(Font)                  U/euf/m/n --> U/euf/b/n on input line 106.
)) (/usr/local/texlive/2022/texmf-dist/tex/generic/mathabx/mathabx.sty
Package: mathabx 2003/07/29 v0.0 Non-standard LaTeX package mathabx
\symmatha=\mathgroup6
\symmathb=\mathgroup7
\symmathx=\mathgroup8
(/usr/local/texlive/2022/texmf-dist/tex/generic/mathabx/mathabx.dcl
LaTeX Font Info:    Redeclaring math symbol \cdotp on input line 25.
LaTeX Font Info:    Redeclaring math symbol \times on input line 33.
LaTeX Font Info:    Redeclaring math symbol \div on input line 34.
LaTeX Font Info:    Redeclaring math symbol \cdot on input line 35.
LaTeX Font Info:    Redeclaring math symbol \circ on input line 36.
LaTeX Font Info:    Redeclaring math symbol \ast on input line 38.
LaTeX Font Info:    Redeclaring math symbol \pm on input line 41.
LaTeX Font Info:    Redeclaring math symbol \mp on input line 42.
LaTeX Font Info:    Redeclaring math symbol \ltimes on input line 43.
LaTeX Font Info:    Redeclaring math symbol \rtimes on input line 44.
LaTeX Font Info:    Redeclaring math symbol \diamond on input line 45.
LaTeX Font Info:    Redeclaring math symbol \bullet on input line 46.
LaTeX Font Info:    Redeclaring math symbol \star on input line 47.
LaTeX Font Info:    Redeclaring math symbol \amalg on input line 51.
LaTeX Font Info:    Redeclaring math symbol \dotplus on input line 58.
LaTeX Font Info:    Redeclaring math symbol \square on input line 63.
LaTeX Font Info:    Redeclaring math symbol \divideontimes on input line 71.
LaTeX Font Info:    Redeclaring math symbol \bigstar on input line 75.
LaTeX Font Info:    Redeclaring math symbol \equiv on input line 83.
LaTeX Font Info:    Redeclaring math symbol \sim on input line 84.
LaTeX Font Info:    Redeclaring math symbol \approx on input line 85.
LaTeX Font Info:    Redeclaring math symbol \simeq on input line 86.
LaTeX Font Info:    Redeclaring math symbol \asymp on input line 89.
LaTeX Font Info:    Redeclaring math symbol \nsim on input line 97.
LaTeX Font Info:    Redeclaring math symbol \ncong on input line 100.
LaTeX Font Info:    Redeclaring math symbol \risingdotseq on input line 118.
LaTeX Font Info:    Redeclaring math symbol \fallingdotseq on input line 119.
LaTeX Font Info:    Redeclaring math symbol \circeq on input line 125.
LaTeX Font Info:    Redeclaring math symbol \eqcirc on input line 126.
LaTeX Font Info:    Redeclaring math symbol \triangleq on input line 127.
LaTeX Font Info:    Redeclaring math symbol \neg on input line 134.
LaTeX Font Info:    Redeclaring math symbol \ll on input line 136.
LaTeX Font Info:    Redeclaring math symbol \gg on input line 137.
LaTeX Font Info:    Redeclaring math symbol \vdash on input line 139.
LaTeX Font Info:    Redeclaring math symbol \dashv on input line 140.
LaTeX Font Info:    Redeclaring math symbol \nvdash on input line 141.
LaTeX Font Info:    Redeclaring math symbol \vDash on input line 143.
LaTeX Font Info:    Redeclaring math symbol \nvDash on input line 145.
LaTeX Font Info:    Redeclaring math symbol \Vdash on input line 147.
LaTeX Font Info:    Redeclaring math symbol \nVdash on input line 149.
LaTeX Font Info:    Redeclaring math symbol \flat on input line 158.
LaTeX Font Info:    Redeclaring math symbol \natural on input line 159.
LaTeX Font Info:    Redeclaring math symbol \sharp on input line 160.
LaTeX Font Info:    Redeclaring math symbol \infty on input line 161.
LaTeX Font Info:    Redeclaring math symbol \propto on input line 162.
LaTeX Font Info:    Redeclaring math symbol \dagger on input line 163.
LaTeX Font Info:    Redeclaring math symbol \ddagger on input line 164.
LaTeX Font Info:    Redeclaring math symbol \between on input line 170.
LaTeX Font Info:    Redeclaring math symbol \smile on input line 171.
LaTeX Font Info:    Redeclaring math symbol \frown on input line 172.
LaTeX Font Info:    Redeclaring math symbol \leftthreetimes on input line 174.
LaTeX Font Info:    Redeclaring math symbol \rightthreetimes on input line 175.

LaTeX Font Info:    Redeclaring math symbol \pitchfork on input line 176.
LaTeX Font Info:    Redeclaring math symbol \nVDash on input line 182.
LaTeX Font Info:    Redeclaring math symbol \Vvdash on input line 184.
LaTeX Font Info:    Redeclaring math symbol \therefore on input line 189.
LaTeX Font Info:    Redeclaring math symbol \because on input line 190.
LaTeX Font Info:    Redeclaring math accent \dot on input line 193.
LaTeX Font Info:    Redeclaring math accent \ddot on input line 195.
LaTeX Font Info:    Redeclaring math symbol \measuredangle on input line 202.
LaTeX Font Info:    Redeclaring math symbol \sphericalangle on input line 203.
LaTeX Font Info:    Redeclaring math symbol \setminus on input line 218.
LaTeX Font Info:    Redeclaring math symbol \mid on input line 222.
LaTeX Font Info:    Redeclaring math symbol \forall on input line 279.
LaTeX Font Info:    Redeclaring math symbol \complement on input line 280.
LaTeX Font Info:    Redeclaring math symbol \partial on input line 281.
LaTeX Font Info:    Redeclaring math symbol \exists on input line 284.
LaTeX Font Info:    Redeclaring math symbol \nexists on input line 285.
LaTeX Font Info:    Redeclaring math symbol \Finv on input line 286.
LaTeX Font Info:    Redeclaring math symbol \Game on input line 287.
LaTeX Font Info:    Redeclaring math symbol \emptyset on input line 288.
LaTeX Font Info:    Redeclaring math symbol \top on input line 290.
LaTeX Font Info:    Redeclaring math symbol \bot on input line 291.
LaTeX Font Info:    Redeclaring math symbol \perp on input line 292.
LaTeX Font Info:    Redeclaring math symbol \curlywedge on input line 296.
LaTeX Font Info:    Redeclaring math symbol \curlyvee on input line 297.
LaTeX Font Info:    Redeclaring math symbol \in on input line 299.
LaTeX Font Info:    Redeclaring math symbol \owns on input line 300.
LaTeX Font Info:    Redeclaring math symbol \cap on input line 312.
LaTeX Font Info:    Redeclaring math symbol \cup on input line 313.
LaTeX Font Info:    Redeclaring math symbol \uplus on input line 314.
LaTeX Font Info:    Redeclaring math symbol \sqcap on input line 315.
LaTeX Font Info:    Redeclaring math symbol \sqcup on input line 316.
LaTeX Font Info:    Redeclaring math symbol \wedge on input line 318.
LaTeX Font Info:    Redeclaring math symbol \vee on input line 320.
LaTeX Font Info:    Redeclaring math symbol \barwedge on input line 327.
LaTeX Font Info:    Redeclaring math symbol \veebar on input line 328.
LaTeX Font Info:    Redeclaring math symbol \doublebarwedge on input line 329.
LaTeX Font Info:    Redeclaring math symbol \doublecap on input line 331.
LaTeX Font Info:    Redeclaring math symbol \doublecup on input line 333.
LaTeX Font Info:    Redeclaring math symbol \subset on input line 344.
LaTeX Font Info:    Redeclaring math symbol \supset on input line 345.
LaTeX Font Info:    Redeclaring math symbol \subseteq on input line 348.
LaTeX Font Info:    Redeclaring math symbol \supseteq on input line 349.
LaTeX Font Info:    Redeclaring math symbol \nsubseteq on input line 350.
LaTeX Font Info:    Redeclaring math symbol \nsupseteq on input line 351.
LaTeX Font Info:    Redeclaring math symbol \subsetneq on input line 352.
LaTeX Font Info:    Redeclaring math symbol \supsetneq on input line 353.
LaTeX Font Info:    Redeclaring math symbol \varsubsetneq on input line 354.
LaTeX Font Info:    Redeclaring math symbol \varsupsetneq on input line 355.
LaTeX Font Info:    Redeclaring math symbol \subseteqq on input line 357.
LaTeX Font Info:    Redeclaring math symbol \supseteqq on input line 358.
LaTeX Font Info:    Redeclaring math symbol \nsubseteqq on input line 359.
LaTeX Font Info:    Redeclaring math symbol \nsupseteqq on input line 360.
LaTeX Font Info:    Redeclaring math symbol \subsetneqq on input line 361.
LaTeX Font Info:    Redeclaring math symbol \supsetneqq on input line 362.
LaTeX Font Info:    Redeclaring math symbol \varsubsetneqq on input line 363.
LaTeX Font Info:    Redeclaring math symbol \varsupsetneqq on input line 364.
LaTeX Font Info:    Redeclaring math symbol \Subset on input line 366.
LaTeX Font Info:    Redeclaring math symbol \Supset on input line 367.
LaTeX Font Info:    Redeclaring math symbol \sqsubseteq on input line 380.
LaTeX Font Info:    Redeclaring math symbol \sqsupseteq on input line 381.
LaTeX Font Info:    Redeclaring math symbol \triangleleft on input line 407.
LaTeX Font Info:    Redeclaring math symbol \vartriangleleft on input line 408.

LaTeX Font Info:    Redeclaring math symbol \triangleright on input line 409.
LaTeX Font Info:    Redeclaring math symbol \vartriangleright on input line 410
.
LaTeX Font Info:    Redeclaring math symbol \ntriangleleft on input line 411.
LaTeX Font Info:    Redeclaring math symbol \ntriangleright on input line 412.
LaTeX Font Info:    Redeclaring math symbol \trianglelefteq on input line 413.
LaTeX Font Info:    Redeclaring math symbol \trianglerighteq on input line 414.

LaTeX Font Info:    Redeclaring math symbol \ntrianglelefteq on input line 415.

LaTeX Font Info:    Redeclaring math symbol \ntrianglerighteq on input line 416
.
LaTeX Font Info:    Redeclaring math symbol \blacktriangledown on input line 42
7.
LaTeX Font Info:    Redeclaring math symbol \blacktriangleleft on input line 42
8.
LaTeX Font Info:    Redeclaring math symbol \blacktriangleright on input line 4
29.
LaTeX Font Info:    Redeclaring math symbol \nless on input line 437.
LaTeX Font Info:    Redeclaring math symbol \ngtr on input line 438.
LaTeX Font Info:    Redeclaring math symbol \leq on input line 439.
LaTeX Font Info:    Redeclaring math symbol \geq on input line 441.
LaTeX Font Info:    Redeclaring math symbol \nleq on input line 443.
LaTeX Font Info:    Redeclaring math symbol \ngeq on input line 445.
LaTeX Font Info:    Redeclaring math symbol \lneq on input line 451.
LaTeX Font Info:    Redeclaring math symbol \gneq on input line 452.
LaTeX Font Info:    Redeclaring math symbol \leqq on input line 453.
LaTeX Font Info:    Redeclaring math symbol \geqq on input line 454.
LaTeX Font Info:    Redeclaring math symbol \nleqq on input line 455.
LaTeX Font Info:    Redeclaring math symbol \ngeqq on input line 456.
LaTeX Font Info:    Redeclaring math symbol \lneqq on input line 457.
LaTeX Font Info:    Redeclaring math symbol \gneqq on input line 458.
LaTeX Font Info:    Redeclaring math symbol \lvertneqq on input line 459.
LaTeX Font Info:    Redeclaring math symbol \gvertneqq on input line 460.
LaTeX Font Info:    Redeclaring math symbol \eqslantless on input line 461.
LaTeX Font Info:    Redeclaring math symbol \eqslantgtr on input line 462.
LaTeX Font Info:    Redeclaring math symbol \lessgtr on input line 465.
LaTeX Font Info:    Redeclaring math symbol \gtrless on input line 466.
LaTeX Font Info:    Redeclaring math symbol \lesseqgtr on input line 467.
LaTeX Font Info:    Redeclaring math symbol \gtreqless on input line 468.
LaTeX Font Info:    Redeclaring math symbol \lesseqqgtr on input line 469.
LaTeX Font Info:    Redeclaring math symbol \gtreqqless on input line 470.
LaTeX Font Info:    Redeclaring math symbol \lesssim on input line 472.
LaTeX Font Info:    Redeclaring math symbol \gtrsim on input line 473.
LaTeX Font Info:    Redeclaring math symbol \lnsim on input line 476.
LaTeX Font Info:    Redeclaring math symbol \gnsim on input line 477.
LaTeX Font Info:    Redeclaring math symbol \lessapprox on input line 478.
LaTeX Font Info:    Redeclaring math symbol \gtrapprox on input line 479.
LaTeX Font Info:    Redeclaring math symbol \lnapprox on input line 482.
LaTeX Font Info:    Redeclaring math symbol \gnapprox on input line 483.
LaTeX Font Info:    Redeclaring math symbol \lessdot on input line 485.
LaTeX Font Info:    Redeclaring math symbol \gtrdot on input line 486.
LaTeX Font Info:    Redeclaring math symbol \lll on input line 488.
LaTeX Font Info:    Redeclaring math symbol \ggg on input line 489.
LaTeX Font Info:    Redeclaring math symbol \prec on input line 498.
LaTeX Font Info:    Redeclaring math symbol \succ on input line 499.
LaTeX Font Info:    Redeclaring math symbol \nprec on input line 500.
LaTeX Font Info:    Redeclaring math symbol \nsucc on input line 501.
LaTeX Font Info:    Redeclaring math symbol \preccurlyeq on input line 502.
LaTeX Font Info:    Redeclaring math symbol \succcurlyeq on input line 503.
LaTeX Font Info:    Redeclaring math symbol \preceq on input line 506.
LaTeX Font Info:    Redeclaring math symbol \succeq on input line 507.
LaTeX Font Info:    Redeclaring math symbol \npreceq on input line 508.
LaTeX Font Info:    Redeclaring math symbol \nsucceq on input line 509.
LaTeX Font Info:    Redeclaring math symbol \curlyeqprec on input line 512.
LaTeX Font Info:    Redeclaring math symbol \curlyeqsucc on input line 513.
LaTeX Font Info:    Redeclaring math symbol \precsim on input line 517.
LaTeX Font Info:    Redeclaring math symbol \succsim on input line 518.
LaTeX Font Info:    Redeclaring math symbol \precnsim on input line 521.
LaTeX Font Info:    Redeclaring math symbol \succnsim on input line 522.
LaTeX Font Info:    Redeclaring math symbol \precapprox on input line 523.
LaTeX Font Info:    Redeclaring math symbol \succapprox on input line 524.
LaTeX Font Info:    Redeclaring math symbol \precnapprox on input line 527.
LaTeX Font Info:    Redeclaring math symbol \succnapprox on input line 528.
LaTeX Font Info:    Redeclaring math symbol \leftarrow on input line 540.
LaTeX Font Info:    Redeclaring math symbol \rightarrow on input line 542.
LaTeX Font Info:    Redeclaring math symbol \nwarrow on input line 546.
LaTeX Font Info:    Redeclaring math symbol \nearrow on input line 547.
LaTeX Font Info:    Redeclaring math symbol \swarrow on input line 548.
LaTeX Font Info:    Redeclaring math symbol \searrow on input line 549.
LaTeX Font Info:    Redeclaring math symbol \leftrightarrow on input line 550.
LaTeX Font Info:    Redeclaring math symbol \nleftarrow on input line 552.
LaTeX Font Info:    Redeclaring math symbol \nrightarrow on input line 553.
LaTeX Font Info:    Redeclaring math symbol \nleftrightarrow on input line 554.

LaTeX Font Info:    Redeclaring math symbol \mapstochar on input line 557.
LaTeX Font Info:    Redeclaring math symbol \leftharpoonup on input line 560.
LaTeX Font Info:    Redeclaring math symbol \rightharpoonup on input line 561.
LaTeX Font Info:    Redeclaring math symbol \leftharpoondown on input line 562.

LaTeX Font Info:    Redeclaring math symbol \rightharpoondown on input line 563
.
LaTeX Font Info:    Redeclaring math symbol \upharpoonleft on input line 564.
LaTeX Font Info:    Redeclaring math symbol \downharpoonleft on input line 565.

LaTeX Font Info:    Redeclaring math symbol \upharpoonright on input line 566.
LaTeX Font Info:    Redeclaring math symbol \restriction on input line 567.
LaTeX Font Info:    Redeclaring math symbol \downharpoonright on input line 568
.
LaTeX Font Info:    Redeclaring math symbol \leftrightharpoons on input line 56
9.
LaTeX Font Info:    Redeclaring math symbol \Leftarrow on input line 575.
LaTeX Font Info:    Redeclaring math symbol \Rightarrow on input line 576.
LaTeX Font Info:    Redeclaring math symbol \Leftrightarrow on input line 579.
LaTeX Font Info:    Redeclaring math symbol \nLeftarrow on input line 581.
LaTeX Font Info:    Redeclaring math symbol \nRightarrow on input line 582.
LaTeX Font Info:    Redeclaring math symbol \nLeftrightarrow on input line 583.

LaTeX Font Info:    Redeclaring math symbol \leftleftarrows on input line 593.
LaTeX Font Info:    Redeclaring math symbol \rightrightarrows on input line 594
.
LaTeX Font Info:    Redeclaring math symbol \upuparrows on input line 595.
LaTeX Font Info:    Redeclaring math symbol \downdownarrows on input line 596.
LaTeX Font Info:    Redeclaring math symbol \leftrightarrows on input line 597.

LaTeX Font Info:    Redeclaring math symbol \rightleftarrows on input line 598.

LaTeX Font Info:    Redeclaring math symbol \rhook on input line 612.
LaTeX Font Info:    Redeclaring math symbol \lhook on input line 613.
LaTeX Font Info:    Redeclaring math symbol \diagup on input line 614.
LaTeX Font Info:    Redeclaring math symbol \diagdown on input line 615.
LaTeX Font Info:    Redeclaring math symbol \Lsh on input line 617.
LaTeX Font Info:    Redeclaring math symbol \Rsh on input line 619.
LaTeX Font Info:    Redeclaring math symbol \looparrowleft on input line 624.
LaTeX Font Info:    Redeclaring math symbol \looparrowright on input line 626.
LaTeX Font Info:    Redeclaring math symbol \curvearrowleft on input line 631.
LaTeX Font Info:    Redeclaring math symbol \curvearrowright on input line 633.

LaTeX Font Info:    Redeclaring math symbol \circlearrowleft on input line 641.

LaTeX Font Info:    Redeclaring math symbol \circlearrowright on input line 642
.
LaTeX Font Info:    Redeclaring math symbol \rightsquigarrow on input line 645.

LaTeX Font Info:    Redeclaring math symbol \leftrightsquigarrow on input line 
646.
LaTeX Font Info:    Redeclaring math symbol \oplus on input line 658.
LaTeX Font Info:    Redeclaring math symbol \ominus on input line 659.
LaTeX Font Info:    Redeclaring math symbol \otimes on input line 661.
LaTeX Font Info:    Redeclaring math symbol \odot on input line 663.
LaTeX Font Info:    Redeclaring math symbol \oslash on input line 675.
LaTeX Font Info:    Redeclaring math symbol \boxplus on input line 683.
LaTeX Font Info:    Redeclaring math symbol \boxminus on input line 684.
LaTeX Font Info:    Redeclaring math symbol \boxtimes on input line 686.
LaTeX Font Info:    Redeclaring math symbol \boxdot on input line 688.
\mayacnter=\count268
\mayacnta=\count269
\mayacntb=\count270
\mayacntc=\count271
\mayawidth=\dimen150
LaTeX Font Info:    Redeclaring math symbol \intop on input line 753.
LaTeX Font Info:    Redeclaring math symbol \ointop on input line 760.
LaTeX Font Info:    Redeclaring math delimiter \lbrace on input line 842.
LaTeX Info: Redefining \{ on input line 846.
LaTeX Font Info:    Redeclaring math delimiter \rbrace on input line 848.
LaTeX Info: Redefining \} on input line 852.
LaTeX Font Info:    Redeclaring math delimiter \langle on input line 858.
LaTeX Font Info:    Redeclaring math delimiter \rangle on input line 859.
LaTeX Font Info:    Redeclaring math delimiter \vert on input line 863.
LaTeX Font Info:    Redeclaring math delimiter \Vert on input line 865.
LaTeX Font Info:    Redeclaring math delimiter \uparrow on input line 868.
LaTeX Font Info:    Redeclaring math delimiter \downarrow on input line 869.
LaTeX Font Info:    Redeclaring math delimiter \updownarrow on input line 870.
LaTeX Font Info:    Redeclaring math delimiter \Uparrow on input line 871.
LaTeX Font Info:    Redeclaring math delimiter \Downarrow on input line 872.
LaTeX Font Info:    Redeclaring math delimiter \Updownarrow on input line 873.
LaTeX Font Info:    Redeclaring math delimiter \lgroup on input line 880.
LaTeX Font Info:    Redeclaring math delimiter \rgroup on input line 881.
LaTeX Font Info:    Redeclaring math delimiter \lceil on input line 882.
LaTeX Font Info:    Redeclaring math delimiter \rceil on input line 883.
LaTeX Font Info:    Redeclaring math delimiter \lfloor on input line 884.
LaTeX Font Info:    Redeclaring math delimiter \rfloor on input line 885.
LaTeX Font Info:    Redeclaring math symbol \braceld on input line 903.
LaTeX Font Info:    Redeclaring math symbol \bracerd on input line 905.
LaTeX Font Info:    Redeclaring math symbol \bracelu on input line 907.
LaTeX Font Info:    Redeclaring math symbol \braceru on input line 909.
LaTeX Font Info:    Redeclaring math accent \widehat on input line 944.
LaTeX Font Info:    Redeclaring math accent \widetilde on input line 946.
)) (/usr/local/texlive/2022/texmf-dist/tex/latex/eso-pic/eso-pic.sty
Package: eso-pic 2020/10/14 v3.0a eso-pic (RN)
\ESO@tempdima=\dimen151
\ESO@tempdimb=\dimen152
(/usr/local/texlive/2022/texmf-dist/tex/latex/graphics/keyval.sty
Package: keyval 2022/05/29 v1.15 key=value parser (DPC)
\KV@toks@=\toks21
) (/usr/local/texlive/2022/texmf-dist/tex/latex/xcolor/xcolor.sty
Package: xcolor 2022/06/12 v2.14 LaTeX color extensions (UK)
(/usr/local/texlive/2022/texmf-dist/tex/latex/graphics-cfg/color.cfg
File: color.cfg 2016/01/02 v1.6 sample color configuration
)
Package xcolor Info: Driver file: xetex.def on input line 227.
(/usr/local/texlive/2022/texmf-dist/tex/latex/graphics-def/xetex.def
File: xetex.def 2022/09/22 v5.0n Graphics/color driver for xetex
) (/usr/local/texlive/2022/texmf-dist/tex/latex/graphics/mathcolor.ltx)
Package xcolor Info: Model `cmy' substituted by `cmy0' on input line 1353.
Package xcolor Info: Model `RGB' extended on input line 1369.
Package xcolor Info: Model `HTML' substituted by `rgb' on input line 1371.
Package xcolor Info: Model `Hsb' substituted by `hsb' on input line 1372.
Package xcolor Info: Model `tHsb' substituted by `hsb' on input line 1373.
Package xcolor Info: Model `HSB' substituted by `hsb' on input line 1374.
Package xcolor Info: Model `Gray' substituted by `gray' on input line 1375.
Package xcolor Info: Model `wave' substituted by `hsb' on input line 1376.
)) (/usr/local/texlive/2022/texmf-dist/tex/latex/graphics/graphicx.sty
Package: graphicx 2021/09/16 v1.2d Enhanced LaTeX Graphics (DPC,SPQR)
(/usr/local/texlive/2022/texmf-dist/tex/latex/graphics/graphics.sty
Package: graphics 2022/03/10 v1.4e Standard LaTeX Graphics (DPC,SPQR)
(/usr/local/texlive/2022/texmf-dist/tex/latex/graphics/trig.sty
Package: trig 2021/08/11 v1.11 sin cos tan (DPC)
) (/usr/local/texlive/2022/texmf-dist/tex/latex/graphics-cfg/graphics.cfg
File: graphics.cfg 2016/06/04 v1.11 sample graphics configuration
)
Package graphics Info: Driver file: xetex.def on input line 107.
)
\Gin@req@height=\dimen153
\Gin@req@width=\dimen154
) (/usr/local/texlive/2022/texmf-dist/tex/latex/textpos/textpos.sty
Package: textpos 2022/07/23 v1.10.1
Package textpos Info: choosing support for LaTeX3 on input line 60.
\TP@textbox=\box53
\TP@holdbox=\box54
\TPHorizModule=\dimen155
\TPVertModule=\dimen156
\TP@margin=\dimen157
\TP@absmargin=\dimen158
Grid set 16 x 16 = 37.34424pt x 52.81541pt
\TPboxrulesize=\dimen159
\TP@ox=\dimen160
\TP@oy=\dimen161
\TP@tbargs=\toks22
TextBlockOrigin set to 0pt x 0pt
) (/usr/local/texlive/2022/texmf-dist/tex/latex/hyperref/hyperref.sty
Package: hyperref 2023-02-07 v7.00v Hypertext links for LaTeX
(/usr/local/texlive/2022/texmf-dist/tex/generic/ltxcmds/ltxcmds.sty
Package: ltxcmds 2020-05-10 v1.25 LaTeX kernel commands for general use (HO)
) (/usr/local/texlive/2022/texmf-dist/tex/generic/iftex/iftex.sty
Package: iftex 2022/02/03 v1.0f TeX engine tests
) (/usr/local/texlive/2022/texmf-dist/tex/generic/pdftexcmds/pdftexcmds.sty
Package: pdftexcmds 2020-06-27 v0.33 Utility functions of pdfTeX for LuaTeX (HO
)
(/usr/local/texlive/2022/texmf-dist/tex/generic/infwarerr/infwarerr.sty
Package: infwarerr 2019/12/03 v1.5 Providing info/warning/error messages (HO)
)
Package pdftexcmds Info: \pdf@primitive is available.
Package pdftexcmds Info: \pdf@ifprimitive is available.
Package pdftexcmds Info: \pdfdraftmode not found.
) (/usr/local/texlive/2022/texmf-dist/tex/latex/kvsetkeys/kvsetkeys.sty
Package: kvsetkeys 2022-10-05 v1.19 Key value parser (HO)
) (/usr/local/texlive/2022/texmf-dist/tex/generic/kvdefinekeys/kvdefinekeys.sty
Package: kvdefinekeys 2019-12-19 v1.6 Define keys (HO)
) (/usr/local/texlive/2022/texmf-dist/tex/generic/pdfescape/pdfescape.sty
Package: pdfescape 2019/12/09 v1.15 Implements pdfTeX's escape features (HO)
) (/usr/local/texlive/2022/texmf-dist/tex/latex/hycolor/hycolor.sty
Package: hycolor 2020-01-27 v1.10 Color options for hyperref/bookmark (HO)
) (/usr/local/texlive/2022/texmf-dist/tex/latex/letltxmacro/letltxmacro.sty
Package: letltxmacro 2019/12/03 v1.6 Let assignment for LaTeX macros (HO)
) (/usr/local/texlive/2022/texmf-dist/tex/latex/auxhook/auxhook.sty
Package: auxhook 2019-12-17 v1.6 Hooks for auxiliary files (HO)
) (/usr/local/texlive/2022/texmf-dist/tex/latex/hyperref/nameref.sty
Package: nameref 2022-05-17 v2.50 Cross-referencing by name of section
(/usr/local/texlive/2022/texmf-dist/tex/latex/refcount/refcount.sty
Package: refcount 2019/12/15 v3.6 Data extraction from label references (HO)
)
(/usr/local/texlive/2022/texmf-dist/tex/generic/gettitlestring/gettitlestring.s
ty
Package: gettitlestring 2019/12/15 v1.6 Cleanup title references (HO)
(/usr/local/texlive/2022/texmf-dist/tex/latex/kvoptions/kvoptions.sty
Package: kvoptions 2022-06-15 v3.15 Key value format for package options (HO)
))
\c@section@level=\count272
)
\@linkdim=\dimen162
\Hy@linkcounter=\count273
\Hy@pagecounter=\count274
(/usr/local/texlive/2022/texmf-dist/tex/latex/hyperref/pd1enc.def
File: pd1enc.def 2023-02-07 v7.00v Hyperref: PDFDocEncoding definition (HO)
) (/usr/local/texlive/2022/texmf-dist/tex/generic/intcalc/intcalc.sty
Package: intcalc 2019/12/15 v1.3 Expandable calculations with integers (HO)
) (/usr/local/texlive/2022/texmf-dist/tex/generic/etexcmds/etexcmds.sty
Package: etexcmds 2019/12/15 v1.7 Avoid name clashes with e-TeX commands (HO)
)
\Hy@SavedSpaceFactor=\count275
(/usr/local/texlive/2022/texmf-dist/tex/latex/hyperref/puenc.def
File: puenc.def 2023-02-07 v7.00v Hyperref: PDF Unicode definition (HO)
)
Package hyperref Info: Hyper figures OFF on input line 4177.
Package hyperref Info: Link nesting OFF on input line 4182.
Package hyperref Info: Hyper index ON on input line 4185.
Package hyperref Info: Plain pages OFF on input line 4192.
Package hyperref Info: Backreferencing OFF on input line 4197.
Package hyperref Info: Implicit mode ON; LaTeX internals redefined.
Package hyperref Info: Bookmarks ON on input line 4425.
\c@Hy@tempcnt=\count276
(/usr/local/texlive/2022/texmf-dist/tex/latex/url/url.sty
\Urlmuskip=\muskip17
Package: url 2013/09/16  ver 3.4  Verb mode for urls, etc.
)
LaTeX Info: Redefining \url on input line 4763.
\XeTeXLinkMargin=\dimen163
(/usr/local/texlive/2022/texmf-dist/tex/generic/bitset/bitset.sty
Package: bitset 2019/12/09 v1.3 Handle bit-vector datatype (HO)
(/usr/local/texlive/2022/texmf-dist/tex/generic/bigintcalc/bigintcalc.sty
Package: bigintcalc 2019/12/15 v1.5 Expandable calculations on big integers (HO
)
))
\Fld@menulength=\count277
\Field@Width=\dimen164
\Fld@charsize=\dimen165
Package hyperref Info: Hyper figures OFF on input line 6042.
Package hyperref Info: Link nesting OFF on input line 6047.
Package hyperref Info: Hyper index ON on input line 6050.
Package hyperref Info: backreferencing OFF on input line 6057.
Package hyperref Info: Link coloring OFF on input line 6062.
Package hyperref Info: Link coloring with OCG OFF on input line 6067.
Package hyperref Info: PDF/A mode OFF on input line 6072.
(/usr/local/texlive/2022/texmf-dist/tex/latex/base/atbegshi-ltx.sty
Package: atbegshi-ltx 2021/01/10 v1.0c Emulation of the original atbegshi
package with kernel methods
)
\Hy@abspage=\count278
\c@Item=\count279
\c@Hfootnote=\count280
)
Package hyperref Info: Driver (autodetected): hxetex.
(/usr/local/texlive/2022/texmf-dist/tex/latex/hyperref/hxetex.def
File: hxetex.def 2023-02-07 v7.00v Hyperref driver for XeTeX
(/usr/local/texlive/2022/texmf-dist/tex/generic/stringenc/stringenc.sty
Package: stringenc 2019/11/29 v1.12 Convert strings between diff. encodings (HO
)
)
\pdfm@box=\box55
\c@Hy@AnnotLevel=\count281
\HyField@AnnotCount=\count282
\Fld@listcount=\count283
\c@bookmark@seq@number=\count284

(/usr/local/texlive/2022/texmf-dist/tex/latex/rerunfilecheck/rerunfilecheck.sty
Package: rerunfilecheck 2022-07-10 v1.10 Rerun checks for auxiliary files (HO)
(/usr/local/texlive/2022/texmf-dist/tex/latex/base/atveryend-ltx.sty
Package: atveryend-ltx 2020/08/19 v1.0a Emulation of the original atveryend pac
kage
with kernel methods
)
(/usr/local/texlive/2022/texmf-dist/tex/generic/uniquecounter/uniquecounter.sty
Package: uniquecounter 2019/12/15 v1.4 Provide unlimited unique counter (HO)
)
Package uniquecounter Info: New unique counter `rerunfilecheck' on input line 2
85.
)
\Hy@SectionHShift=\skip53
) (/usr/local/texlive/2022/texmf-dist/tex/latex/imakeidx/imakeidx.sty
Package: imakeidx 2016/10/15 v1.3e Package for typesetting indices in a synchro
nous mode
(/usr/local/texlive/2022/texmf-dist/tex/latex/xkeyval/xkeyval.sty
Package: xkeyval 2022/06/16 v2.9 package option processing (HA)
(/usr/local/texlive/2022/texmf-dist/tex/generic/xkeyval/xkeyval.tex (/usr/local
/texlive/2022/texmf-dist/tex/generic/xkeyval/xkvutils.tex
\XKV@toks=\toks23
\XKV@tempa@toks=\toks24
)
\XKV@depth=\count285
File: xkeyval.tex 2014/12/03 v2.7a key=value parser (HA)
)) (/usr/local/texlive/2022/texmf-dist/tex/generic/iftex/ifxetex.sty
Package: ifxetex 2019/10/25 v0.7 ifxetex legacy package. Use iftex instead.
) (/usr/local/texlive/2022/texmf-dist/tex/generic/iftex/ifluatex.sty
Package: ifluatex 2019/10/25 v1.5 ifluatex legacy package. Use iftex instead.
) (/usr/local/texlive/2022/texmf-dist/tex/latex/tools/multicol.sty
Package: multicol 2021/11/30 v1.9d multicolumn formatting (FMi)
\c@tracingmulticols=\count286
\mult@box=\box56
\multicol@leftmargin=\dimen166
\c@unbalance=\count287
\c@collectmore=\count288
\doublecol@number=\count289
\multicoltolerance=\count290
\multicolpretolerance=\count291
\full@width=\dimen167
\page@free=\dimen168
\premulticols=\dimen169
\postmulticols=\dimen170
\multicolsep=\skip54
\multicolbaselineskip=\skip55
\partial@page=\box57
\last@line=\box58
\maxbalancingoverflow=\dimen171
\mult@rightbox=\box59
\mult@grightbox=\box60
\mult@firstbox=\box61
\mult@gfirstbox=\box62
\@tempa=\box63
\@tempa=\box64
\@tempa=\box65
\@tempa=\box66
\@tempa=\box67
\@tempa=\box68
\@tempa=\box69
\@tempa=\box70
\@tempa=\box71
\@tempa=\box72
\@tempa=\box73
\@tempa=\box74
\@tempa=\box75
\@tempa=\box76
\@tempa=\box77
\@tempa=\box78
\@tempa=\box79
\@tempa=\box80
\@tempa=\box81
\@tempa=\box82
\@tempa=\box83
\@tempa=\box84
\@tempa=\box85
\@tempa=\box86
\@tempa=\box87
\@tempa=\box88
\@tempa=\box89
\@tempa=\box90
\@tempa=\box91
\@tempa=\box92
\@tempa=\box93
\@tempa=\box94
\@tempa=\box95
\@tempa=\box96
\@tempa=\box97
\@tempa=\box98
\c@minrows=\count292
\c@columnbadness=\count293
\c@finalcolumnbadness=\count294
\last@try=\dimen172
\multicolovershoot=\dimen173
\multicolundershoot=\dimen174
\mult@nat@firstbox=\box99
\colbreak@box=\box100
\mc@col@check@num=\count295
))
\theory@idxfile=\write3
\openout3 = `theory.idx'.

Writing index file theory.idx
(/usr/local/texlive/2022/texmf-dist/tex/latex/geometry/geometry.sty
Package: geometry 2020/01/02 v5.9 Page Geometry
(/usr/local/texlive/2022/texmf-dist/tex/generic/iftex/ifvtex.sty
Package: ifvtex 2019/10/25 v1.7 ifvtex legacy package. Use iftex instead.
)
\Gm@cnth=\count296
\Gm@cntv=\count297
\c@Gm@tempcnt=\count298
\Gm@bindingoffset=\dimen175
\Gm@wd@mp=\dimen176
\Gm@odd@mp=\dimen177
\Gm@even@mp=\dimen178
\Gm@layoutwidth=\dimen179
\Gm@layoutheight=\dimen180
\Gm@layouthoffset=\dimen181
\Gm@layoutvoffset=\dimen182
\Gm@dimlist=\toks25
) (/usr/local/texlive/2022/texmf-dist/tex/latex/wrapfig/wrapfig.sty
\wrapoverhang=\dimen183
\WF@size=\dimen184
\c@WF@wrappedlines=\count299
\WF@box=\box101
\WF@everypar=\toks26
Package: wrapfig 2003/01/31  v 3.6
) (/usr/local/texlive/2022/texmf-dist/tex/latex/titling/titling.sty
Package: titling 2009/09/04 v2.1d maketitle typesetting
\thanksmarkwidth=\skip56
\thanksmargin=\skip57
\droptitle=\skip58
) (/usr/local/texlive/2022/texmf-dist/tex/latex/fancyhdr/fancyhdr.sty
Package: fancyhdr 2022/11/09 v4.1 Extensive control of page headers and footers

\f@nch@headwidth=\skip59
\f@nch@O@elh=\skip60
\f@nch@O@erh=\skip61
\f@nch@O@olh=\skip62
\f@nch@O@orh=\skip63
\f@nch@O@elf=\skip64
\f@nch@O@erf=\skip65
\f@nch@O@olf=\skip66
\f@nch@O@orf=\skip67
) (/usr/local/texlive/2022/texmf-dist/tex/generic/babel/babel.sty
Package: babel 2023/02/13 3.86 The Babel package
\babel@savecnt=\count300
\U@D=\dimen185
\l@unhyphenated=\language87
(/usr/local/texlive/2022/texmf-dist/tex/generic/babel/xebabel.def)
\bbl@readstream=\read2
\bbl@dirlevel=\count301
(/usr/local/texlive/2022/texmf-dist/tex/generic/babel-english/english.ldf
Language: english 2017/06/06 v3.3r English support from the babel system
Package babel Info: Hyphen rules for 'canadian' set to \l@english
(babel)             (\language0). Reported on input line 102.
Package babel Info: Hyphen rules for 'australian' set to \l@ukenglish
(babel)             (\language21). Reported on input line 105.
Package babel Info: Hyphen rules for 'newzealand' set to \l@ukenglish
(babel)             (\language21). Reported on input line 108.
))
(/usr/local/texlive/2022/texmf-dist/tex/generic/babel/locale/en/babel-english.t
ex
Package babel Info: Importing font and identification data for english
(babel)             from babel-en.ini. Reported on input line 11.
) (/usr/local/texlive/2022/texmf-dist/tex/latex/setspace/setspace.sty
Package: setspace 2022/12/04 v6.7b set line spacing
) (/usr/local/texlive/2022/texmf-dist/tex/latex/tools/tabularx.sty
Package: tabularx 2020/01/15 v2.11c `tabularx' package (DPC)
(/usr/local/texlive/2022/texmf-dist/tex/latex/tools/array.sty
Package: array 2022/09/04 v2.5g Tabular extension package (FMi)
\col@sep=\dimen186
\ar@mcellbox=\box102
\extrarowheight=\dimen187
\NC@list=\toks27
\extratabsurround=\skip68
\backup@length=\skip69
\ar@cellbox=\box103
)
\TX@col@width=\dimen188
\TX@old@table=\dimen189
\TX@old@col=\dimen190
\TX@target=\dimen191
\TX@delta=\dimen192
\TX@cols=\count302
\TX@ftn=\toks28
) (/usr/local/texlive/2022/texmf-dist/tex/latex/lm/lmodern.sty
Package: lmodern 2015/05/01 v1.6.1 Latin Modern Fonts
LaTeX Font Info:    Overwriting symbol font `operators' in version `normal'
(Font)                  OT1/cmr/m/n --> OT1/lmr/m/n on input line 22.
LaTeX Font Info:    Overwriting symbol font `letters' in version `normal'
(Font)                  OML/cmm/m/it --> OML/lmm/m/it on input line 23.
LaTeX Font Info:    Overwriting symbol font `symbols' in version `normal'
(Font)                  OMS/cmsy/m/n --> OMS/lmsy/m/n on input line 24.
LaTeX Font Info:    Overwriting symbol font `largesymbols' in version `normal'
(Font)                  OMX/cmex/m/n --> OMX/lmex/m/n on input line 25.
LaTeX Font Info:    Overwriting symbol font `operators' in version `bold'
(Font)                  OT1/cmr/bx/n --> OT1/lmr/bx/n on input line 26.
LaTeX Font Info:    Overwriting symbol font `letters' in version `bold'
(Font)                  OML/cmm/b/it --> OML/lmm/b/it on input line 27.
LaTeX Font Info:    Overwriting symbol font `symbols' in version `bold'
(Font)                  OMS/cmsy/b/n --> OMS/lmsy/b/n on input line 28.
LaTeX Font Info:    Overwriting symbol font `largesymbols' in version `bold'
(Font)                  OMX/cmex/m/n --> OMX/lmex/m/n on input line 29.
LaTeX Font Info:    Overwriting math alphabet `\mathbf' in version `normal'
(Font)                  OT1/cmr/bx/n --> OT1/lmr/bx/n on input line 31.
LaTeX Font Info:    Overwriting math alphabet `\mathsf' in version `normal'
(Font)                  OT1/cmss/m/n --> OT1/lmss/m/n on input line 32.
LaTeX Font Info:    Overwriting math alphabet `\mathit' in version `normal'
(Font)                  OT1/cmr/m/it --> OT1/lmr/m/it on input line 33.
LaTeX Font Info:    Overwriting math alphabet `\mathtt' in version `normal'
(Font)                  OT1/cmtt/m/n --> OT1/lmtt/m/n on input line 34.
LaTeX Font Info:    Overwriting math alphabet `\mathbf' in version `bold'
(Font)                  OT1/cmr/bx/n --> OT1/lmr/bx/n on input line 35.
LaTeX Font Info:    Overwriting math alphabet `\mathsf' in version `bold'
(Font)                  OT1/cmss/bx/n --> OT1/lmss/bx/n on input line 36.
LaTeX Font Info:    Overwriting math alphabet `\mathit' in version `bold'
(Font)                  OT1/cmr/bx/it --> OT1/lmr/bx/it on input line 37.
LaTeX Font Info:    Overwriting math alphabet `\mathtt' in version `bold'
(Font)                  OT1/cmtt/m/n --> OT1/lmtt/m/n on input line 38.
) (/usr/local/texlive/2022/texmf-dist/tex/latex/base/fontenc.sty
Package: fontenc 2021/04/29 v2.0v Standard LaTeX package
LaTeX Font Info:    Trying to load font information for T1+lmr on input line 11
2.
(/usr/local/texlive/2022/texmf-dist/tex/latex/lm/t1lmr.fd
File: t1lmr.fd 2015/05/01 v1.6.1 Font defs for Latin Modern
)) (/usr/local/texlive/2022/texmf-dist/tex/latex/lipsum/lipsum.sty (/usr/local/
texlive/2022/texmf-dist/tex/latex/l3packages/l3keys2e/l3keys2e.sty (/usr/local/
texlive/2022/texmf-dist/tex/latex/l3kernel/expl3.sty
Package: expl3 2023-02-22 L3 programming layer (loader) 
(/usr/local/texlive/2022/texmf-dist/tex/latex/l3backend/l3backend-xetex.def
File: l3backend-xetex.def 2023-01-16 L3 backend support: XeTeX
\g__graphics_track_int=\count303
\l__pdf_internal_box=\box104
\g__pdf_backend_object_int=\count304
\g__pdf_backend_annotation_int=\count305
\g__pdf_backend_link_int=\count306
))
Package: l3keys2e 2023-02-02 LaTeX2e option processing using LaTeX3 keys
)
Package: lipsum 2021-09-20 v2.7 150 paragraphs of Lorem Ipsum dummy text
\g__lipsum_par_int=\count307
\l__lipsum_a_int=\count308
\l__lipsum_b_int=\count309
(/usr/local/texlive/2022/texmf-dist/tex/latex/lipsum/lipsum.ltd.tex)) (/usr/loc
al/texlive/2022/texmf-dist/tex/latex/booktabs/booktabs.sty
Package: booktabs 2020/01/12 v1.61803398 Publication quality tables
\heavyrulewidth=\dimen193
\lightrulewidth=\dimen194
\cmidrulewidth=\dimen195
\belowrulesep=\dimen196
\belowbottomsep=\dimen197
\aboverulesep=\dimen198
\abovetopsep=\dimen199
\cmidrulesep=\dimen256
\cmidrulekern=\dimen257
\defaultaddspace=\dimen258
\@cmidla=\count310
\@cmidlb=\count311
\@aboverulesep=\dimen259
\@belowrulesep=\dimen260
\@thisruleclass=\count312
\@lastruleclass=\count313
\@thisrulewidth=\dimen261
) (/usr/local/texlive/2022/texmf-dist/tex/latex/subfig/subfig.sty
Package: subfig 2005/06/28 ver: 1.3 subfig package
(/usr/local/texlive/2022/texmf-dist/tex/latex/caption/caption.sty
Package: caption 2022/03/01 v3.6b Customizing captions (AR)
(/usr/local/texlive/2022/texmf-dist/tex/latex/caption/caption3.sty
Package: caption3 2022/03/17 v2.3b caption3 kernel (AR)
\caption@tempdima=\dimen262
\captionmargin=\dimen263
\caption@leftmargin=\dimen264
\caption@rightmargin=\dimen265
\caption@width=\dimen266
\caption@indent=\dimen267
\caption@parindent=\dimen268
\caption@hangindent=\dimen269
Package caption Info: Standard document class detected.
)
\c@caption@flags=\count314
\c@continuedfloat=\count315
Package caption Info: hyperref package is loaded.
Package caption Info: wrapfig package is loaded.
)
\c@KVtest=\count316
\sf@farskip=\skip70
\sf@captopadj=\dimen270
\sf@capskip=\skip71
\sf@nearskip=\skip72
\c@subfigure=\count317
\c@subfigure@save=\count318
\c@lofdepth=\count319
\c@subtable=\count320
\c@subtable@save=\count321
\c@lotdepth=\count322
\sf@top=\skip73
\sf@bottom=\skip74
) (/usr/local/texlive/2022/texmf-dist/tex/latex/float/float.sty
Package: float 2001/11/08 v1.3d Float enhancements (AL)
\c@float@type=\count323
\float@exts=\toks29
\float@box=\box105
\@float@everytoks=\toks30
\@floatcapt=\box106
) (/usr/local/texlive/2022/texmf-dist/tex/latex/parskip/parskip.sty
Package: parskip 2021-03-14 v2.0h non-zero parskip adjustments
(/usr/local/texlive/2022/texmf-dist/tex/latex/etoolbox/etoolbox.sty
Package: etoolbox 2020/10/05 v2.5k e-TeX tools for LaTeX (JAW)
\etb@tempcnta=\count324
)) (/usr/local/texlive/2022/texmf-dist/tex/latex/ragged2e/ragged2e.sty
Package: ragged2e 2023/02/25 v3.4 ragged2e Package

LaTeX Warning: Command \@arrayparboxrestore  has changed.
               Check if current package is valid.

(/usr/local/texlive/2022/texmf-dist/tex/latex/footmisc/footmisc.sty
Package: footmisc 2022/03/08 v6.0d a miscellany of footnote facilities
\FN@temptoken=\toks31
\footnotemargin=\dimen271
\@outputbox@depth=\dimen272
Package footmisc Info: Declaring symbol style bringhurst on input line 695.
Package footmisc Info: Declaring symbol style chicago on input line 703.
Package footmisc Info: Declaring symbol style wiley on input line 712.
Package footmisc Info: Declaring symbol style lamport-robust on input line 723.

Package footmisc Info: Declaring symbol style lamport* on input line 743.
Package footmisc Info: Declaring symbol style lamport*-robust on input line 764
.
)
\CenteringLeftskip=\skip75
\RaggedLeftLeftskip=\skip76
\RaggedRightLeftskip=\skip77
\CenteringRightskip=\skip78
\RaggedLeftRightskip=\skip79
\RaggedRightRightskip=\skip80
\CenteringParfillskip=\skip81
\RaggedLeftParfillskip=\skip82
\RaggedRightParfillskip=\skip83
\JustifyingParfillskip=\skip84
\CenteringParindent=\skip85
\RaggedLeftParindent=\skip86
\RaggedRightParindent=\skip87
\JustifyingParindent=\skip88
)
Package hyperref Info: Option `colorlinks' set `true' on input line 50.
(/usr/local/texlive/2022/texmf-dist/tex/latex/upquote/upquote.sty
Package: upquote 2012/04/19 v1.3 upright-quote and grave-accent glyphs in verba
tim
(/usr/local/texlive/2022/texmf-dist/tex/latex/base/textcomp.sty
Package: textcomp 2020/02/02 v2.0n Standard LaTeX package
)) (/usr/local/texlive/2022/texmf-dist/tex/latex/microtype/microtype.sty
Package: microtype 2023/03/13 v3.1a Micro-typographical refinements (RS)
\MT@toks=\toks32
\MT@tempbox=\box107
\MT@count=\count325
LaTeX Info: Redefining \noprotrusionifhmode on input line 1059.
LaTeX Info: Redefining \leftprotrusion on input line 1060.
\MT@prot@toks=\toks33
LaTeX Info: Redefining \rightprotrusion on input line 1078.
LaTeX Info: Redefining \textls on input line 1368.
\MT@outer@kern=\dimen273
LaTeX Info: Redefining \textmicrotypecontext on input line 1988.
\MT@listname@count=\count326
(/usr/local/texlive/2022/texmf-dist/tex/latex/microtype/microtype-xetex.def
File: microtype-xetex.def 2023/03/13 v3.1a Definitions specific to xetex (RS)
LaTeX Info: Redefining \lsstyle on input line 238.
)
Package microtype Info: Loading configuration file microtype.cfg.
(/usr/local/texlive/2022/texmf-dist/tex/latex/microtype/microtype.cfg
File: microtype.cfg 2023/03/13 v3.1a microtype main configuration file (RS)
)) (/usr/local/texlive/2022/texmf-dist/tex/latex/fancyvrb/fancyvrb.sty
Package: fancyvrb 2023/01/19 4.5a verbatim text (tvz,hv)
\FV@CodeLineNo=\count327
\FV@InFile=\read3
\FV@TabBox=\box108
\c@FancyVerbLine=\count328
\FV@StepNumber=\count329
\FV@OutFile=\write4
) (/usr/local/texlive/2022/texmf-dist/tex/latex/framed/framed.sty
Package: framed 2011/10/22 v 0.96: framed or shaded text with page breaks
\OuterFrameSep=\skip89
\fb@frw=\dimen274
\fb@frh=\dimen275
\FrameRule=\dimen276
\FrameSep=\dimen277
) (/usr/local/texlive/2022/texmf-dist/tex/latex/tools/longtable.sty
Package: longtable 2021-09-01 v4.17 Multi-page Table package (DPC)
\LTleft=\skip90
\LTright=\skip91
\LTpre=\skip92
\LTpost=\skip93
\LTchunksize=\count330
\LTcapwidth=\dimen278
\LT@head=\box109
\LT@firsthead=\box110
\LT@foot=\box111
\LT@lastfoot=\box112
\LT@gbox=\box113
\LT@cols=\count331
\LT@rows=\count332
\c@LT@tables=\count333
\c@LT@chunks=\count334
\LT@p@ftn=\toks34
) (/usr/local/texlive/2022/texmf-dist/tex/latex/tools/calc.sty
Package: calc 2017/05/25 v4.3 Infix arithmetic (KKT,FJ)
\calc@Acount=\count335
\calc@Bcount=\count336
\calc@Adimen=\dimen279
\calc@Bdimen=\dimen280
\calc@Askip=\skip94
\calc@Bskip=\skip95
LaTeX Info: Redefining \setlength on input line 80.
LaTeX Info: Redefining \addtolength on input line 81.
\calc@Ccount=\count337
\calc@Cskip=\skip96
) (/usr/local/texlive/2022/texmf-dist/tex/latex/footnotehyper/footnotehyper.sty
Package: footnotehyper 2021/08/13 v1.1e hyperref aware footnote.sty (JFB)
\FNH@notes=\box114
\FNH@width=\dimen281
\FNH@toks=\toks35
) (/usr/local/texlive/2022/texmf-dist/tex/latex/bookmark/bookmark.sty
Package: bookmark 2020-11-06 v1.29 PDF bookmarks (HO)
(/usr/local/texlive/2022/texmf-dist/tex/latex/bookmark/bkm-dvipdfm.def
File: bkm-dvipdfm.def 2020-11-06 v1.29 bookmark driver for dvipdfm (HO)
\BKM@id=\count338
)) (/usr/local/texlive/2022/texmf-dist/tex/latex/xurl/xurl.sty
Package: xurl 2022/01/09 v 0.10 modify URL breaks
) (./theory.aux)
\openout1 = `theory.aux'.

LaTeX Font Info:    Checking defaults for OML/cmm/m/it on input line 145.
LaTeX Font Info:    ... okay on input line 145.
LaTeX Font Info:    Checking defaults for OMS/cmsy/m/n on input line 145.
LaTeX Font Info:    ... okay on input line 145.
LaTeX Font Info:    Checking defaults for OT1/cmr/m/n on input line 145.
LaTeX Font Info:    ... okay on input line 145.
LaTeX Font Info:    Checking defaults for T1/cmr/m/n on input line 145.
LaTeX Font Info:    ... okay on input line 145.
LaTeX Font Info:    Checking defaults for TS1/cmr/m/n on input line 145.
LaTeX Font Info:    Trying to load font information for TS1+cmr on input line 1
45.
(/usr/local/texlive/2022/texmf-dist/tex/latex/base/ts1cmr.fd
File: ts1cmr.fd 2022/07/10 v2.5l Standard LaTeX font definitions
)
LaTeX Font Info:    ... okay on input line 145.
LaTeX Font Info:    Checking defaults for TU/lmr/m/n on input line 145.
LaTeX Font Info:    ... okay on input line 145.
LaTeX Font Info:    Checking defaults for OMX/cmex/m/n on input line 145.
LaTeX Font Info:    ... okay on input line 145.
LaTeX Font Info:    Checking defaults for U/mathx/m/n on input line 145.
LaTeX Font Info:    ... okay on input line 145.
LaTeX Font Info:    Checking defaults for PD1/pdf/m/n on input line 145.
LaTeX Font Info:    ... okay on input line 145.
LaTeX Font Info:    Checking defaults for PU/pdf/m/n on input line 145.
LaTeX Font Info:    ... okay on input line 145.
LaTeX Info: Command `\dddot' is already robust on input line 145.
LaTeX Info: Command `\ddddot' is already robust on input line 145.
Package hyperref Info: Link coloring ON on input line 145.
*geometry* driver: auto-detecting
*geometry* detected driver: xetex
*geometry* verbose mode - [ preamble ] result:
* driver: xetex
* paper: a4paper
* layout: <same size as paper>
* layoutoffset:(h,v)=(0.0pt,0.0pt)
* modes: twoside 
* h-part:(L,W,R)=(72.26999pt, 452.9679pt, 72.26999pt)
* v-part:(T,H,B)=(72.26999pt, 700.50687pt, 72.26999pt)
* \paperwidth=597.50787pt
* \paperheight=845.04684pt
* \textwidth=452.9679pt
* \textheight=700.50687pt
* \oddsidemargin=0.0pt
* \evensidemargin=0.0pt
* \topmargin=-31.8738pt
* \headheight=12.0pt
* \headsep=19.8738pt
* \topskip=12.0pt
* \footskip=30.0pt
* \marginparwidth=88.0pt
* \marginparsep=7.0pt
* \columnsep=10.0pt
* \skip\footins=10.8pt plus 4.0pt minus 2.0pt
* \hoffset=0.0pt
* \voffset=0.0pt
* \mag=1000
* \@twocolumnfalse
* \@twosidetrue
* \@mparswitchtrue
* \@reversemarginfalse
* (1in=72.27pt=25.4mm, 1cm=28.453pt)

Package caption Info: Begin \AtBeginDocument code.
Package caption Info: subfig package v1.3 is loaded.
Package caption Info: float package is loaded.
Package caption Info: longtable package is loaded.
(/usr/local/texlive/2022/texmf-dist/tex/latex/caption/ltcaption.sty
Package: ltcaption 2021/01/08 v1.4c longtable captions (AR)
)
Package caption Info: End \AtBeginDocument code.
Package ragged2e Info: ABD: executing \RaggedRight on input line 145.
LaTeX Info: Redefining \microtypecontext on input line 145.
Package microtype Info: Applying patch `item' on input line 145.
Package microtype Info: Applying patch `toc' on input line 145.
Package microtype Info: Applying patch `eqnum' on input line 145.

Package microtype Warning: Unable to apply patch `footnote' on input line 145.

Package microtype Info: Applying patch `verbatim' on input line 145.
Package microtype Info: Character protrusion enabled (level 2).
Package microtype Info: Using protrusion set `basicmath'.
Package microtype Info: No adjustment of tracking.
Package microtype Info: No adjustment of spacing.
Package microtype Info: No adjustment of kerning.
(/usr/local/texlive/2022/texmf-dist/tex/latex/microtype/mt-cmr.cfg
File: mt-cmr.cfg 2013/05/19 v2.2 microtype config. file: Computer Modern Roman 
(RS)
)
File: KU-logo.pdf Graphic file (type pdf)
<use KU-logo.pdf>
[1

] [2] [3]
LaTeX Font Info:    Trying to load font information for OT1+lmr on input line 2
02.
(/usr/local/texlive/2022/texmf-dist/tex/latex/lm/ot1lmr.fd
File: ot1lmr.fd 2015/05/01 v1.6.1 Font defs for Latin Modern
)
LaTeX Font Info:    Trying to load font information for OML+lmm on input line 2
02.
(/usr/local/texlive/2022/texmf-dist/tex/latex/lm/omllmm.fd
File: omllmm.fd 2015/05/01 v1.6.1 Font defs for Latin Modern
)
LaTeX Font Info:    Trying to load font information for OMS+lmsy on input line 
202.
(/usr/local/texlive/2022/texmf-dist/tex/latex/lm/omslmsy.fd
File: omslmsy.fd 2015/05/01 v1.6.1 Font defs for Latin Modern
)
LaTeX Font Info:    Trying to load font information for OMX+lmex on input line 
202.
(/usr/local/texlive/2022/texmf-dist/tex/latex/lm/omxlmex.fd
File: omxlmex.fd 2015/05/01 v1.6.1 Font defs for Latin Modern
)
LaTeX Font Info:    External font `lmex10' loaded for size
(Font)              <12> on input line 202.
LaTeX Font Info:    External font `lmex10' loaded for size
(Font)              <8> on input line 202.
LaTeX Font Info:    External font `lmex10' loaded for size
(Font)              <6> on input line 202.
LaTeX Font Info:    Trying to load font information for U+msa on input line 202
.
(/usr/local/texlive/2022/texmf-dist/tex/latex/amsfonts/umsa.fd
File: umsa.fd 2013/01/14 v3.01 AMS symbols A
) (/usr/local/texlive/2022/texmf-dist/tex/latex/microtype/mt-msa.cfg
File: mt-msa.cfg 2006/02/04 v1.1 microtype config. file: AMS symbols (a) (RS)
)
LaTeX Font Info:    Trying to load font information for U+msb on input line 202
.
(/usr/local/texlive/2022/texmf-dist/tex/latex/amsfonts/umsb.fd
File: umsb.fd 2013/01/14 v3.01 AMS symbols B
) (/usr/local/texlive/2022/texmf-dist/tex/latex/microtype/mt-msb.cfg
File: mt-msb.cfg 2005/06/01 v1.0 microtype config. file: AMS symbols (b) (RS)
) [4

] [5] [6] (./theory.toc
Underfull \hbox (badness 10000) in paragraph at lines 6--6
[][][]\T1/lmr/bx/n/14.4 I The Math-e-mat-ics of Life In-sur-ance and Fi-nan-cia
l Con- 
 []

[7

] [8] [9] [10] [11] [12])
\tf@toc=\write5
\openout5 = `theory.toc'.

[13] [1

] [2] [3

]
Chapter 1.
[4

] [5] [6] [7] [8]
Chapter 2.
[9

] [10] [11]
Underfull \hbox (badness 1824) in paragraph at lines 709--710
[]\T1/lmr/bx/n/12 Definition 3.1. (Lund) (Lebesgue-Stieltjes mea-sure)[] \T1/lm
r/m/it/12 A mea-sure $\OML/lmm/m/it/12 ^^V$ \T1/lmr/m/it/12 on 
 []

[12]
Underfull \hbox (badness 1303) in paragraph at lines 768--768
[]\T1/lmr/bx/n/14.4 Change of vari-ables for-mula (Ito for-mula for FV- 
 []

[13] [14]
Missing character: There is no  ("301) in font ec-lmr12!

Underfull \vbox (badness 10000) has occurred while \output is active []

[15] [16]
Chapter 3.
[17

] [18] [19] [20] [21] [22] [23]
File: theory_files/figure-latex/unnamed-chunk-1-1.pdf Graphic file (type pdf)
<use theory_files/figure-latex/unnamed-chunk-1-1.pdf>
[24] [25]
File: figures/BS_call_price.png Graphic file (type bmp)
<figures/BS_call_price.png>
[26] [27] [28] [29] [30] [31] [32]
Underfull \vbox (badness 10000) has occurred while \output is active []

[33] [34] [35]
Underfull \vbox (badness 2521) has occurred while \output is active []

[36]
File: figures/BS_sim.png Graphic file (type bmp)
<figures/BS_sim.png>

Underfull \vbox (badness 10000) has occurred while \output is active []

[37] [38] [39]
Overfull \hbox (8.57057pt too wide) detected at line 1919
[]
 []

[40] [41] [42]
Underfull \vbox (badness 4479) has occurred while \output is active []

[43] [44] [45] [46] [47] [48] [49] [50]
Underfull \hbox (badness 1097) in paragraph at lines 2406--2407
[]\T1/lmr/m/it/12 then $\OML/lmm/m/it/12 X$ \T1/lmr/m/it/12 can be hedged in th
e S-economy. Fur-ther-more, the repli-cat-ing port-fo-lio 
 []

[51] [52] [53] [54] [55] [56] [57] [58] [59] [60] [61] [62] [63]
Chapter 4.
[64

] [65] [66] [67] [68]
Overfull \hbox (17.5094pt too wide) detected at line 3317
[]
 []

LaTeX Font Info:    Trying to load font information for T1+lmtt on input line 3
321.
(/usr/local/texlive/2022/texmf-dist/tex/latex/lm/t1lmtt.fd
File: t1lmtt.fd 2015/05/01 v1.6.1 Font defs for Latin Modern
)
LaTeX Font Info:    Font shape `T1/lmtt/bx/n' in size <12> not available
(Font)              Font shape `T1/lmtt/b/n' tried instead on input line 3322.
[69] [70] [71]
File: figures/ex1_PT_dist.png Graphic file (type bmp)
<figures/ex1_PT_dist.png>
[72]
Underfull \vbox (badness 10000) has occurred while \output is active []

[73] [74] [75] [76] [77]
Underfull \hbox (badness 2173) in paragraph at lines 3704--3705
[]\T1/lmr/bx/n/12 Corollary 3.4. (Bladt) \T1/lmr/m/it/12 As-sume the Markov-jum
p in-ter-est model and that 
 []

[78] [79] [80]
File: figures/ph_est_data.png Graphic file (type bmp)
<figures/ph_est_data.png>

Overfull \hbox (22.80817pt too wide) detected at line 3903
\OML/lmm/m/it/12 B[]\U/matha/m/n/12 p\OML/lmm/m/it/12 t; T\U/matha/m/n/12 s ^^P
 \U/msb/m/n/12 E[] [] \U/matha/m/n/12 ^^P \OML/lmm/m/it/12 R \U/msb/m/n/12 E[] 
[] \U/matha/m/n/12 ^^@ \OML/lmm/m/it/12 B\U/matha/m/n/12 p\OML/lmm/m/it/12 t; T
\U/matha/m/n/12 s
 []

[81] [82] [83] [84] [85] [86] [87] [88] [89]
Underfull \vbox (badness 1014) has occurred while \output is active []

[90] [91] [92]
Overfull \hbox (58.18707pt too wide) detected at line 4514
\OT1/lmr/bx/n/12 F[]\U/matha/m/n/12 p\OML/lmm/m/it/12 x\U/matha/m/n/12 q ^^P []
 \OML/lmm/m/it/12 ;
 []

[93]
Underfull \vbox (badness 6741) has occurred while \output is active []

[94] [95]
Underfull \hbox (badness 1365) in paragraph at lines 4647--4648
[]\T1/lmr/bx/n/12 Proposition 2.1. (As-mussen) \T1/lmr/m/it/12 The re-serve $\O
ML/lmm/m/it/12 V\U/matha/m/n/12 p\OML/lmm/m/it/12 t; s\U/matha/m/n/12 q$ \T1/lm
r/m/it/12 ful-fills the PDE on $\OML/lmm/m/it/12 t \U/matha/m/n/12 P 
 []

[96] [97] [98] [99]
Underfull \vbox (badness 1642) has occurred while \output is active []

[100] [101]
Overfull \hbox (76.07227pt too wide) detected at line 4899
[]
 []


Underfull \vbox (badness 6592) has occurred while \output is active []

[102]
Overfull \hbox (13.06984pt too wide) detected at line 4906
[]
 []


Underfull \vbox (badness 10000) has occurred while \output is active []

[103]
Overfull \hbox (11.56798pt too wide) in paragraph at lines 4939--4941
\T1/lmr/m/n/12 where we call $\OML/lmm/m/it/12 R[]$ \T1/lmr/m/n/12 the risk sum
. By def-i-ni-tion the re-serve ter-mi-nates at 0 i.e. $\OML/lmm/m/it/12 V[]\U/
matha/m/n/12 p\OML/lmm/m/it/12 T\U/matha/m/n/12 ^^Aq ^^P 
 []


Underfull \vbox (badness 3907) has occurred while \output is active []

[104] [105] [106] [107]
Overfull \hbox (45.30626pt too wide) detected at line 5092
[]
 []


Overfull \hbox (81.1065pt too wide) detected at line 5118
[]
 []


Underfull \vbox (badness 10000) has occurred while \output is active []

[108]
Underfull \vbox (badness 10000) has occurred while \output is active []

[109] [110]
Overfull \hbox (28.96457pt too wide) detected at line 5191
[]
 []

[111]
Overfull \hbox (40.21942pt too wide) detected at line 5199
[]
 []


Underfull \vbox (badness 10000) has occurred while \output is active []

[112] [113] [114] [115] [116]
Underfull \vbox (badness 10000) has occurred while \output is active []

[117] [118]
Underfull \vbox (badness 10000) has occurred while \output is active []

[119] [120] [121]
Overfull \hbox (13.66086pt too wide) detected at line 5634
[]
 []

[122] [123]
Chapter 5.
[124

] [125]
Overfull \hbox (10.08049pt too wide) detected at line 5758
[]
 []

[126]
Overfull \hbox (10.10138pt too wide) detected at line 5788
\OML/lmm/m/it/12 V\U/matha/m/n/12 p\OML/lmm/m/it/12 t\U/matha/m/n/12 q ^^P [] \
OT1/lmr/m/n/12 1\U/matha/m/n/12 t\OML/lmm/m/it/12 Z\U/matha/m/n/12 p\OML/lmm/m/
it/12 t\U/matha/m/n/12 q ^^P \OML/lmm/m/it/12 i\U/matha/m/n/12 u [][] \OML/lmm/
m/it/12 e[]p[]\U/matha/m/n/12 p\OML/lmm/m/it/12 t; s\U/matha/m/n/12 q [] \OML/l
mm/m/it/12 :
 []

[127]
Overfull \hbox (20.9828pt too wide) detected at line 5835
\OML/lmm/m/it/12 dB[]\U/matha/m/n/12 p\OML/lmm/m/it/12 t\U/matha/m/n/12 q ^^P \
OML/lmm/m/it/12 ^^Z\U/matha/m/n/12 p\OML/lmm/m/it/12 Z\U/matha/m/n/12 p\OML/lmm
/m/it/12 ^^\\U/matha/m/n/12 ^^Aq\OML/lmm/m/it/12 ; Z\U/matha/m/n/12 p\OML/lmm/m
/it/12 ^^\\U/matha/m/n/12 q\OML/lmm/m/it/12 ; ^^\\U/matha/m/n/12 q [] \OML/lmm/
m/it/12 :
 []


Overfull \hbox (28.36166pt too wide) detected at line 5846
[]
 []

[128]
LaTeX Font Info:    External font `lmex10' loaded for size
(Font)              <14.4> on input line 5862.
LaTeX Font Info:    External font `lmex10' loaded for size
(Font)              <10> on input line 5862.
LaTeX Font Info:    External font `lmex10' loaded for size
(Font)              <7> on input line 5862.
[129] [130] [131

]
Chapter 6.
[132

]
File: figures/skade1_plot1.png Graphic file (type bmp)
<figures/skade1_plot1.png>
[133]
Overfull \hbox (23.71623pt too wide) detected at line 5984
[]
 []


Overfull \hbox (57.2354pt too wide) detected at line 5992
[]
 []

[134] [135]
File: figures/skade1_plot2.png Graphic file (type bmp)
<figures/skade1_plot2.png>
[136] [137] [138]
Chapter 7.
[139

]
Missing character: There is no  ("2212) in font rm-lmr12!
[140]
Missing character: There is no  ("2212) in font rm-lmr8!
Missing character: There is no  ("2212) in font rm-lmr12!
[141] [142] [143] [144] [145]
Missing character: There is no  ("2212) in font rm-lmr12!
Missing character: There is no  ("2212) in font rm-lmr8!
Missing character: There is no  ("2212) in font rm-lmr12!
[146]
Missing character: There is no  ("2212) in font rm-lmr6!
Missing character: There is no  ("2212) in font rm-lmr6!
Missing character: There is no  ("2212) in font rm-lmr12!
Missing character: There is no  ("2212) in font rm-lmr12!
[147] [148]
Missing character: There is no  ("3BC) in font lmmi12!
[149]
Missing character: There is no  ("2212) in font rm-lmr12!
Missing character: There is no  ("2212) in font rm-lmr12!
Missing character: There is no  ("2212) in font rm-lmr12!
[150]
Missing character: There is no  ("2212) in font rm-lmr12!
Missing character: There is no  ("2212) in font rm-lmr12!
Missing character: There is no  ("2212) in font rm-lmr12!
Missing character: There is no  ("2212) in font rm-lmr12!
Missing character: There is no  ("2212) in font rm-lmr12!
Missing character: There is no  ("2212) in font rm-lmr12!
Missing character: There is no  ("2212) in font rm-lmr12!
Missing character: There is no  ("2212) in font rm-lmr12!
[151]
Missing character: There is no  ("2212) in font rm-lmr12!
Missing character: There is no  ("2212) in font rm-lmr8!
Missing character: There is no  ("2212) in font rm-lmr6!
Missing character: There is no  ("2212) in font rm-lmr12!
Missing character: There is no  ("2212) in font rm-lmr12!
[152]
Missing character: There is no  ("2212) in font rm-lmr12!
Missing character: There is no  ("2212) in font rm-lmr12!
Missing character: There is no  ("2212) in font rm-lmr12!
Missing character: There is no  ("2212) in font rm-lmr8!
[153] [154]
Missing character: There is no  ("2212) in font rm-lmr12!
Missing character: There is no  ("2212) in font rm-lmr12!
Missing character: There is no  ("2212) in font rm-lmr12!
[155] [156] [157]
Missing character: There is no  ("2212) in font rm-lmr12!
Missing character: There is no  ("2212) in font rm-lmr12!
Missing character: There is no  ("2212) in font rm-lmr12!
[158] [159]
Chapter 8.
[160

] [161] [162] [163]
Chapter 9.
[164

]
Overfull \hbox (0.5291pt too wide) in paragraph at lines 7443--7444
[]\T1/lmr/m/it/12 The \T1/lmr/bx/it/12 risk[] \T1/lmr/m/it/12 of a de-ci-sion r
ule $\OML/lmm/m/it/12 m$ \T1/lmr/m/it/12 is given a loss func-tion $\OML/lmm/m/
it/12 L$ \T1/lmr/m/it/12 is $\OML/lmm/m/it/12 r\U/matha/m/n/12 p\OML/lmm/m/it/1
2 m\U/matha/m/n/12 q ^^P \OML/lmm/m/it/12 E\U/matha/m/n/12 r\OML/lmm/m/it/12 L\
U/matha/m/n/12 p\OML/lmm/m/it/12 Y; m\U/matha/m/n/12 p\OML/lmm/m/it/12 X\U/math
a/m/n/12 qqs$\T1/lmr/m/it/12 .  
 []

[165] [166] [167] [168] [169] [170] [171] [172] [173]
Overfull \hbox (19.52617pt too wide) detected at line 7897
[]
 []

[174] [175]
Overfull \hbox (77.15347pt too wide) detected at line 7969
\U/msb/m/n/12 E\U/matha/m/n/12 r\OML/lmm/m/it/12 R [] \U/matha/m/n/12 |\OML/lmm
/m/it/12 X\U/matha/m/n/12 s ^^A \OML/lmm/m/it/12 r [] \U/matha/m/n/12 ^^P [] ^^
D [] [] ^^@ \OML/lmm/m/it/12 ^^U[] [][] :
 []

[176] [177] [178] [179] [180] [181]
Overfull \hbox (12.79912pt too wide) detected at line 8303
[]
 []

[182] [183]
File: figures/ML_fig_kernel.png Graphic file (type bmp)
<figures/ML_fig_kernel.png>
[184] [185] [186]
Overfull \hbox (22.70142pt too wide) detected at line 8504
[][] [][]  \OML/lmm/m/it/12 dx \U/matha/m/n/12 ^^P [][]p[][]p\OML/lmm/m/it/12 x
\U/matha/m/n/12 qq[] \OML/lmm/m/it/12 dx \U/matha/m/n/12 ^^A [][]p[]p\OML/lmm/m
/it/12 x\U/matha/m/n/12 qq[] \OML/lmm/m/it/12 dx \U/matha/m/n/12 ^^A \OT1/lmr/m
/n/12 2 [][] []\U/matha/m/n/12 p\OML/lmm/m/it/12 x\U/matha/m/n/12 qp[][]p\OML/l
mm/m/it/12 x\U/matha/m/n/12 q ^^A []p\OML/lmm/m/it/12 x\U/matha/m/n/12 qq \OML/
lmm/m/it/12 dx
 []

[187]
Underfull \hbox (badness 1092) in paragraph at lines 8572--8573
[]\T1/lmr/m/n/12 It can be shown the smooth-ing splines are asymp-tot-i-cally e
quiv-a-lent to ker-nel 
 []

[188] [189] [190] [191] [192] [193]
Overfull \hbox (7.76009pt too wide) in paragraph at lines 8811--8812
[]\T1/lmr/m/n/12 Why is $[]$ so use-ful? As-sume that we are given $\OML/lmm/m/
it/12 l$ \T1/lmr/m/n/12 es-ti-ma-tors $\OML/lmm/m/it/12 m[]\U/matha/m/n/12 p\OM
S/lmsy/m/n/12 D[]\OML/lmm/m/it/12 ; U[]\U/matha/m/n/12 q\OML/lmm/m/it/12 ; [] m
[]\U/matha/m/n/12 p\OMS/lmsy/m/n/12 D[]\OML/lmm/m/it/12 ; U[]\U/matha/m/n/12 q$
\T1/lmr/m/n/12 . 
 []

[194]
Underfull \hbox (badness 1496) in paragraph at lines 8858--8859
[]\T1/lmr/bx/n/12 Definition. \T1/lmr/m/it/12 (For-ward Stage-wise Ad-di-tive M
od-el-ing) The func-tion $[]\U/matha/m/n/12 p\OML/lmm/m/it/12 x\U/matha/m/n/12 
q ^^P 
 []

[195]
Underfull \hbox (badness 1102) in paragraph at lines 8878--8879
[]\T1/lmr/m/n/12 In the clas-si-fi-ca-tion case with $\U/matha/m/n/12 t^^A\OT1/
lmr/m/n/12 1\OML/lmm/m/it/12 ; \OT1/lmr/m/n/12 1\U/matha/m/n/12 u$ \T1/lmr/m/n/
12 val-ued re-sponse and an ex-po-nen-tial loss 
 []


Underfull \vbox (badness 1097) has occurred while \output is active []

[196] [197] [198] [199] [200] [201]
File: theory_files/figure-latex/unnamed-chunk-16-1.pdf Graphic file (type pdf)
<use theory_files/figure-latex/unnamed-chunk-16-1.pdf>

Underfull \vbox (badness 10000) has occurred while \output is active []

[202] [203]
File: theory_files/figure-latex/unnamed-chunk-17-1.pdf Graphic file (type pdf)
<use theory_files/figure-latex/unnamed-chunk-17-1.pdf>
[204]
Missing character: There is no  ("2212) in font rm-lmr12!
Missing character: There is no  ("2212) in font rm-lmr12!
[205] [206] [207] [208] [209] [210] [211] [212]
Missing character: There is no  ("2212) in font rm-lmr12!
[213]
LaTeX Font Info:    Trying to load font information for U+euf on input line 978
0.
(/usr/local/texlive/2022/texmf-dist/tex/latex/amsfonts/ueuf.fd
File: ueuf.fd 2013/01/14 v3.01 Euler Fraktur
) (/usr/local/texlive/2022/texmf-dist/tex/latex/microtype/mt-euf.cfg
File: mt-euf.cfg 2006/07/03 v1.1 microtype config. file: AMS Euler Fraktur (RS)

) [214] [215]
Missing character: There is no  ("1D44B) in font lmmi12!
Missing character: There is no  ("1D44C) in font lmmi12!
Missing character: There is no  ("1D44B) in font lmmi12!
Missing character: There is no  ("1D44C) in font lmmi12!
[216] [217] [218] [219] [220] [221]
Chapter 10.
[222

] [223]
File: figures/VaR_ES.png Graphic file (type bmp)
<figures/VaR_ES.png>
[224]
Underfull \vbox (badness 10000) has occurred while \output is active []

[225] [226] [227

]
Appendix A.
[228

] [229]

Package amsmath Warning: Foreign command \atopwithdelims;
(amsmath)                \frac or \genfrac should be used instead
(amsmath)                 on input line 10578.

[230]
LaTeX Font Info:    External font `lmex10' loaded for size
(Font)              <17.28> on input line 10602.
LaTeX Font Info:    Calculating math sizes for size <11> on input line 10636.
LaTeX Font Info:    External font `lmex10' loaded for size
(Font)              <11> on input line 10636.
LaTeX Font Info:    External font `lmex10' loaded for size
(Font)              <7.69997> on input line 10636.
LaTeX Font Info:    External font `lmex10' loaded for size
(Font)              <5.5> on input line 10636.

LaTeX Font Warning: Font shape `U/matha/m/n' in size <5.5> not available
(Font)              size <5> substituted on input line 10636.


LaTeX Font Warning: Font shape `U/mathb/m/n' in size <5.5> not available
(Font)              size <5> substituted on input line 10636.


LaTeX Font Warning: Font shape `U/mathx/m/n' in size <5.5> not available
(Font)              size <5> substituted on input line 10636.

[231]
Underfull \hbox (badness 1226) in paragraph at lines 10681--10682
[]\T1/lmr/bx/n/12 Theorem 8.5. (Prot-ter) (Billed-ml for stokastiske vari-able
) \T1/lmr/m/it/12 Lad $\OML/lmm/m/it/12 X \OT1/lmr/m/n/12 : 
 []

[232] [233] [234]
Underfull \hbox (badness 1603) in paragraph at lines 10817--10818
[]\T1/lmr/m/it/12 Hvis $\OML/lmm/m/it/12 E$ \T1/lmr/m/it/12 og $\OML/lmm/m/it/1
2 F$ \T1/lmr/m/it/12 er metriske rum med re-spek-tive Borel $\OML/lmm/m/it/12 ^
^[$\T1/lmr/m/it/12 -algebraer $\OMS/lmsy/m/n/12 E$ \T1/lmr/m/it/12 og $\OMS/lms
y/m/n/12 F$\T1/lmr/m/it/12 . 
 []

[235]
Underfull \hbox (badness 1127) in paragraph at lines 10872--10873
[]\T1/lmr/bx/n/12 Corollary 11.1. (Prot-ter) (For-vent-ningsre-glen) \T1/lmr/m/
it/12 Lad $\OML/lmm/m/it/12 X$ \T1/lmr/m/it/12 vre en $\U/msb/m/n/12 R$\T1/lmr
/m/it/12 -vrdi 
 []

[236]
Overfull \hbox (4.73604pt too wide) detected at line 10909
\OML/lmm/m/it/12 P\U/matha/m/n/12 p\OML/lmm/m/it/12 A\U/matha/m/n/12 q ^^P [][]
 \OML/lmm/m/it/12 f\U/matha/m/n/12 p\OML/lmm/m/it/12 x\U/matha/m/n/12 q\OML/lmm
/m/it/12 dm[]\U/matha/m/n/12 p\OML/lmm/m/it/12 x\U/matha/m/n/12 q ^^P [] \OML/l
mm/m/it/12 f\U/matha/m/n/12 p\OML/lmm/m/it/12 x[]; x[]; :::; x[]\U/matha/m/n/12
 q\OT1/lmr/m/n/12 1[]\U/matha/m/n/12 p\OML/lmm/m/it/12 x[]; x[]; :::; x[]\U/mat
ha/m/n/12 q\OML/lmm/m/it/12 dm[]\U/matha/m/n/12 p\OML/lmm/m/it/12 x[]; x[]; :::
; x[]\U/matha/m/n/12 q\OML/lmm/m/it/12 ;  \U/matha/m/n/12 @\OML/lmm/m/it/12 A \
U/matha/m/n/12 P \OMS/lmsy/m/n/12 B[]\OML/lmm/m/it/12 :
 []

[237]
Underfull \hbox (badness 1259) in paragraph at lines 10949--10950
[]\T1/lmr/bx/n/12 Corollary 12.1. (Prot-ter) \T1/lmr/m/it/12 Lad $\OML/lmm/m/it
/12 S \U/matha/m/n/12 P \OMS/lmsy/m/n/12 B[]$ \T1/lmr/m/it/12 vre in-d-delt af
 et en-deligt in-deks 
 []

[238] [239] [240]
Appendix B.
[241

] [242] [243] [244] [245]
Overfull \hbox (14.72043pt too wide) detected at line 11284
\OML/lmm/m/it/12 E\U/matha/m/n/12 rp\OML/lmm/m/it/12 X \U/matha/m/n/12 ^^A \OML
/lmm/m/it/12 Z\U/matha/m/n/12 q[]s ^^P \OML/lmm/m/it/12 E [] \U/matha/m/n/12 ^^
@ \OML/lmm/m/it/12 E [] \U/matha/m/n/12 ^^@ \OT1/lmr/m/n/12 2\OML/lmm/m/it/12 E
 [] :
 []

[246]
Underfull \vbox (badness 2158) has occurred while \output is active []

[247]
Underfull \vbox (badness 1701) has occurred while \output is active []

[248] [249] [250]
Appendix C.

Overfull \hbox (6.54594pt too wide) in paragraph at lines 11499--11500
\T1/lmr/m/n/12 ables as a \T1/lmr/bx/n/12 pro-ces\T1/lmr/m/n/12 . Con-sider the
 event $\U/matha/m/n/12 p\OML/lmm/m/it/12 X[] \U/matha/m/n/12  \OML/lmm/m/it/1
2 X\U/matha/m/n/12 q ^^P []$\T1/lmr/m/n/12 . 
 []

[251

] [252]
Underfull \hbox (badness 1014) in paragraph at lines 11575--11576
[]\T1/lmr/bx/n/12 Lemma 2.20. (Hansen) \T1/lmr/m/it/12 (Ex-tended Cauchy-Schwar
z in-equal-ity) Let $\OML/lmm/m/it/12 X; Y \U/matha/m/n/12 P 
 []

[253] [254]
Underfull \vbox (badness 10000) has occurred while \output is active []

[255] [256]
Underfull \vbox (badness 10000) has occurred while \output is active []

[257]
Underfull \vbox (badness 5050) has occurred while \output is active []

[258]
File: theory_files/figure-latex/unnamed-chunk-22-1.pdf Graphic file (type pdf)
<use theory_files/figure-latex/unnamed-chunk-22-1.pdf>
[259] [260]
Underfull \hbox (badness 1127) in paragraph at lines 11835--11836
\T1/lmr/m/it/12 two-sided se-quence of real-valued ran-dom vari-ables. For a me
a-sur-able func-tion 
 []


Underfull \vbox (badness 10000) has occurred while \output is active []

[261] [262] [263]
Underfull \vbox (badness 10000) has occurred while \output is active []

[264] [265] [266] [267] [268] [269] [270]
Appendix D.
File: theory_files/figure-latex/unnamed-chunk-23-1.pdf Graphic file (type pdf)
<use theory_files/figure-latex/unnamed-chunk-23-1.pdf>
[271

] [272] [273] [274]
Underfull \hbox (badness 1418) in paragraph at lines 12366--12367
[]\T1/lmr/bx/n/12 Eksempel 33. \T1/lmr/m/it/12 (Pois-son pro-cessen) \T1/lmr/m/
n/12 Lad $\U/matha/m/n/12 p\OML/lmm/m/it/12 W[]\U/matha/m/n/12 q[]$ \T1/lmr/m/n
/12 vre en flge af uafhngige 
 []


Underfull \hbox (badness 1888) in paragraph at lines 12366--12367
\T1/lmr/m/n/12 Be-tragt $\OML/lmm/m/it/12 W[]$ \T1/lmr/m/n/12 som ven-te-ti-den
 in-dtil en be-given-hed af in-ter-esse in-dtrf-fer. Lad 
 []

[275]
Underfull \vbox (badness 10000) has occurred while \output is active []

[276] [277] [278] [279] [280] [281] [282]
Appendix E.
[283

]
Missing character: There is no  ("2212) in font rm-lmr12!
Missing character: There is no  ("2212) in font rm-lmr8!
[284] [285]
File: figures/BM_sim.png Graphic file (type bmp)
<figures/BM_sim.png>

Underfull \vbox (badness 2229) has occurred while \output is active []

[286] [287]
Appendix F.
[288

] [289] [290] [291]
Overfull \hbox (55.55257pt too wide) detected at line 13039
\OML/lmm/m/it/12 df\U/matha/m/n/12 p\OML/lmm/m/it/12 t; X[]\U/matha/m/n/12 q ^^
P []  \OML/lmm/m/it/12 dt \U/matha/m/n/12 ^^@ [] \OML/lmm/m/it/12 ^^[[][]\U/mat
ha/m/n/12 p\OML/lmm/m/it/12 t; X[]\U/matha/m/n/12 q \OML/lmm/m/it/12 dW[]:
 []

[292] [293] [294]
Overfull \hbox (20.7583pt too wide) in paragraph at lines 13138--13140
\T1/lmr/m/n/12 where we should sim-ply have had $\OML/lmm/m/it/12 dX\U/matha/m/
n/12 p\OML/lmm/m/it/12 t\U/matha/m/n/12 q$ \T1/lmr/m/n/12 that is with-out the 
term $[][] []\OML/lmm/m/it/12 ^^_[]\U/matha/m/n/12 p\OML/lmm/m/it/12 t; X\U/mat
ha/m/n/12 p\OML/lmm/m/it/12 t\U/matha/m/n/12 ^^Aqq ^^A 
 []

[295] [296] [297] [298] [299]
Overfull \hbox (30.18282pt too wide) detected at line 13448
[]
 []

[300] [301]
Overfull \hbox (9.76675pt too wide) detected at line 13556
[] []\OT1/lmr/bx/n/12 I \U/matha/m/n/12 ^^@ \OT1/lmr/bx/n/12 D\U/matha/m/n/12 p
\OML/lmm/m/it/12 x\U/matha/m/n/12 q \OML/lmm/m/it/12 dx[] \U/matha/m/n/12 ^^P [
] \OML/lmm/m/it/12 :
 []


Overfull \hbox (6.33258pt too wide) detected at line 13601
[]
 []


Underfull \vbox (badness 10000) has occurred while \output is active []

[302] [303]
Appendix G.
[304

] [305] (./theory.bbl [306

]) [307]
runsystem(makeindex theory.idx)...executed safely (allowed).

(./theory.ind [308


] [309] [310]) [311] (./theory.aux)

LaTeX Font Warning: Size substitutions with differences
(Font)              up to 0.5pt have occurred.

 ) 
Here is how much of TeX's memory you used:
 19906 strings out of 476684
 332371 string characters out of 5804055
 1871018 words of memory out of 5000000
 39742 multiletter control sequences out of 15000+600000
 717562 words of font info for 175 fonts, out of 8000000 for 9000
 1348 hyphenation exceptions out of 8191
 85i,19n,133p,1323b,589s stack positions out of 10000i,1000n,20000p,200000b,200000s

Output written on theory.pdf (324 pages).

! This is makeindex, version 2.16 [TeX Live 2022] (kpathsea + Thai support).
! Scanning input file theory.idx....done (366 entries accepted, 0 rejected).
! Sorting entries......done (3464 comparisons).
! Generating output file theory.ind....done (401 lines written, 0 warnings).
! Output written in theory.ind.
! Transcript written in theory.ilg.
